<?xml version="1.0" encoding="UTF-8"?>
<testng-results skipped="0" failed="0" ignored="0" total="1" passed="1">
  <reporter-output>
  </reporter-output>
  <suite name="Default suite" duration-ms="8850" started-at="2018-10-13T05:16:44Z" finished-at="2018-10-13T05:16:53Z">
    <groups>
    </groups>
    <test name="Default test" duration-ms="8850" started-at="2018-10-13T05:16:44Z" finished-at="2018-10-13T05:16:53Z">
      <class name="com.maventest.Tc_01">
        <test-method status="PASS" signature="launchbrowser()[pri:0, instance:com.maventest.Tc_01@1d057a39]" name="launchbrowser" duration-ms="8732" started-at="2018-10-13T05:16:45Z" finished-at="2018-10-13T05:16:53Z">
          <reporter-output>
          </reporter-output>
        </test-method> <!-- launchbrowser -->
      </class> <!-- com.maventest.Tc_01 -->
    </test> <!-- Default test -->
  </suite> <!-- Default suite -->
</testng-results>
